<?xml version="1.0" encoding="UTF-8"?>
<testsuite xmlns:xsi="http://www.w3.org/2001/XMLSchema-instance" xsi:noNamespaceSchemaLocation="https://maven.apache.org/surefire/maven-surefire-plugin/xsd/surefire-test-report-3.0.xsd" version="3.0" name="test.DrawablesDaoTest" time="0.291" tests="1" errors="1" skipped="0" failures="0">
  <properties>
[...]
</properties>
  <testcase name="testSerializationDeserialization" classname="test.DrawablesDaoTest" time="0.238">
    <error message="Cannot invoke &quot;com.google.gson.JsonSerializationContext.serialize(Object)&quot; because &quot;context&quot; is null" type="java.lang.NullPointerException"><![CDATA[java.lang.NullPointerException: Cannot invoke "com.google.gson.JsonSerializationContext.serialize(Object)" because "context" is null
	at serialization.ShapeAdapter.serialize(ShapeAdapter.java:25)
	at DAO.DrawablesDao.addShape(DrawablesDao.java:149)
	at test.DrawablesDaoTest.testSerializationDeserialization(DrawablesDaoTest.java:32)
	at java.base/java.lang.reflect.Method.invoke(Method.java:580)
	at java.base/java.util.ArrayList.forEach(ArrayList.java:1597)
	at java.base/java.util.ArrayList.forEach(ArrayList.java:1597)
]]></error>
  </testcase>
</testsuite>